[debug] [2020-06-21T22:17:28.331Z] ----------------------------------------------------------------------
[debug] [2020-06-21T22:17:28.333Z] Command:       C:\Program Files\nodejs\node.exe C:\Users\Mark\Documents\GitHub\active-branch-tracker\node_modules\firebase-tools\lib\bin\firebase.js deploy --only functions:webhook
[debug] [2020-06-21T22:17:28.333Z] CLI Version:   8.4.3
[debug] [2020-06-21T22:17:28.333Z] Platform:      win32
[debug] [2020-06-21T22:17:28.333Z] Node Version:  v12.16.3
[debug] [2020-06-21T22:17:28.334Z] Time:          Sun Jun 21 2020 18:17:28 GMT-0400 (Eastern Daylight Time)
[debug] [2020-06-21T22:17:28.334Z] ----------------------------------------------------------------------
[debug] [2020-06-21T22:17:28.334Z] 
[debug] [2020-06-21T22:17:28.342Z] > command requires scopes: ["email","openid","https://www.googleapis.com/auth/cloudplatformprojects.readonly","https://www.googleapis.com/auth/firebase","https://www.googleapis.com/auth/cloud-platform"]
[debug] [2020-06-21T22:17:28.343Z] > authorizing via signed-in user
[debug] [2020-06-21T22:17:28.343Z] [iam] checking project active-branches-report for permissions ["cloudfunctions.functions.create","cloudfunctions.functions.delete","cloudfunctions.functions.get","cloudfunctions.functions.list","cloudfunctions.functions.update","cloudfunctions.operations.get","firebase.projects.get"]
[debug] [2020-06-21T22:17:28.346Z] >>> HTTP REQUEST POST https://cloudresourcemanager.googleapis.com/v1/projects/active-branches-report:testIamPermissions  
 {"permissions":["cloudfunctions.functions.create","cloudfunctions.functions.delete","cloudfunctions.functions.get","cloudfunctions.functions.list","cloudfunctions.functions.update","cloudfunctions.operations.get","firebase.projects.get"]}
[debug] [2020-06-21T22:17:28.605Z] <<< HTTP RESPONSE 200 {"content-type":"application/json; charset=UTF-8","vary":"X-Origin, Referer, Origin,Accept-Encoding","date":"Sun, 21 Jun 2020 22:17:29 GMT","server":"ESF","cache-control":"private","x-xss-protection":"0","x-frame-options":"SAMEORIGIN","x-content-type-options":"nosniff","server-timing":"gfet4t7; dur=58","alt-svc":"h3-28=\":443\"; ma=2592000,h3-27=\":443\"; ma=2592000,h3-25=\":443\"; ma=2592000,h3-T050=\":443\"; ma=2592000,h3-Q050=\":443\"; ma=2592000,h3-Q049=\":443\"; ma=2592000,h3-Q048=\":443\"; ma=2592000,h3-Q046=\":443\"; ma=2592000,h3-Q043=\":443\"; ma=2592000,quic=\":443\"; ma=2592000; v=\"46,43\"","accept-ranges":"none","transfer-encoding":"chunked"}
[debug] [2020-06-21T22:17:28.606Z] >>> HTTP REQUEST POST https://iam.googleapis.com/v1/projects/active-branches-report/serviceAccounts/active-branches-report@appspot.gserviceaccount.com:testIamPermissions  
 {"permissions":["iam.serviceAccounts.actAs"]}
[debug] [2020-06-21T22:17:28.828Z] <<< HTTP RESPONSE 200 {"content-type":"application/json; charset=UTF-8","vary":"X-Origin, Referer, Origin,Accept-Encoding","date":"Sun, 21 Jun 2020 22:17:29 GMT","server":"ESF","cache-control":"private","x-xss-protection":"0","x-frame-options":"SAMEORIGIN","x-content-type-options":"nosniff","alt-svc":"h3-28=\":443\"; ma=2592000,h3-27=\":443\"; ma=2592000,h3-25=\":443\"; ma=2592000,h3-T050=\":443\"; ma=2592000,h3-Q050=\":443\"; ma=2592000,h3-Q049=\":443\"; ma=2592000,h3-Q048=\":443\"; ma=2592000,h3-Q046=\":443\"; ma=2592000,h3-Q043=\":443\"; ma=2592000,quic=\":443\"; ma=2592000; v=\"46,43\"","accept-ranges":"none","transfer-encoding":"chunked"}
[info] 
[info] === Deploying to 'active-branches-report'...
[info] 
[info] i  deploying functions 
[info] Running command: npm --prefix "$RESOURCE_DIR" run lint
[info] Running command: npm --prefix "$RESOURCE_DIR" run build
[info] +  functions: Finished running predeploy script. 
[debug] [2020-06-21T22:17:37.406Z] > [functions] package.json contents: {
  "name": "functions",
  "scripts": {
    "lint": "tslint --project tsconfig.json",
    "build": "tsc",
    "serve": "npm run build && firebase emulators:start --only functions",
    "shell": "npm run build && firebase functions:shell",
    "start": "npm run shell",
    "deploy": "firebase deploy --only functions",
    "logs": "firebase functions:log"
  },
  "engines": {
    "node": "10"
  },
  "main": "lib/index.js",
  "dependencies": {
    "@sendgrid/mail": "^7.2.0",
    "firebase-admin": "^8.12.1",
    "firebase-functions": "^3.7.0"
  },
  "devDependencies": {
    "firebase-functions-test": "^0.2.1",
    "tslint": "^6.1.2",
    "typescript": "^3.9.5"
  },
  "private": true
}
[info] i  functions: ensuring required API cloudfunctions.googleapis.com is enabled... 
[debug] [2020-06-21T22:17:38.862Z] [functions] runtime dependency check dates: warning: 2020-05-21T00:00:00.000Z error: 2020-08-17T00:00:00.000Z
[info] i  functions: ensuring required API cloudbuild.googleapis.com is enabled... 
[debug] [2020-06-21T22:17:38.863Z] >>> HTTP REQUEST GET https://serviceusage.googleapis.com/v1/projects/active-branches-report/services/cloudfunctions.googleapis.com  
 
[debug] [2020-06-21T22:17:38.864Z] >>> HTTP REQUEST GET https://serviceusage.googleapis.com/v1/projects/active-branches-report/services/runtimeconfig.googleapis.com  
 
[debug] [2020-06-21T22:17:38.864Z] >>> HTTP REQUEST GET https://serviceusage.googleapis.com/v1/projects/active-branches-report/services/cloudbuild.googleapis.com  
 
